<?xml version="1.0" encoding="UTF-8"?>
<testsuite xmlns:xsi="http://www.w3.org/2001/XMLSchema-instance" xsi:noNamespaceSchemaLocation="https://maven.apache.org/surefire/maven-surefire-plugin/xsd/surefire-test-report.xsd" name="annahnatiuk.AppTest" time="0.121" tests="11" errors="0" skipped="0" failures="0">
  <properties>
    <property name="sun.desktop" value="windows"/>
    <property name="awt.toolkit" value="sun.awt.windows.WToolkit"/>
    <property name="java.specification.version" value="11"/>
    <property name="sun.cpu.isalist" value="amd64"/>
    <property name="sun.jnu.encoding" value="Cp1251"/>
    <property name="java.class.path" value="d:\Навчання\4 курс 1 семестр\Управління ІТ-проектами\Lab2\lab2\target\test-classes;d:\Навчання\4 курс 1 семестр\Управління ІТ-проектами\Lab2\lab2\target\classes;C:\Users\User\.m2\repository\junit\junit\4.11\junit-4.11.jar;C:\Users\User\.m2\repository\org\hamcrest\hamcrest-core\1.3\hamcrest-core-1.3.jar;"/>
    <property name="java.vm.vendor" value="Eclipse Adoptium"/>
    <property name="sun.arch.data.model" value="64"/>
    <property name="user.variant" value=""/>
    <property name="java.vendor.url" value="https://adoptium.net/"/>
    <property name="user.timezone" value="Europe/Helsinki"/>
    <property name="java.vm.specification.version" value="11"/>
    <property name="os.name" value="Windows 10"/>
    <property name="sun.java.launcher" value="SUN_STANDARD"/>
    <property name="user.country" value="US"/>
    <property name="sun.boot.library.path" value="D:\jdk11\bin"/>
    <property name="sun.java.command" value="C:\Users\User\AppData\Local\Temp\surefire1900656439412608769\surefirebooter4795249210231136932.jar C:\Users\User\AppData\Local\Temp\surefire1900656439412608769 2022-10-12T10-15-31_621-jvmRun1 surefire7820984801133228727tmp surefire_09461956631416598856tmp"/>
    <property name="jdk.debug" value="release"/>
    <property name="surefire.test.class.path" value="d:\Навчання\4 курс 1 семестр\Управління ІТ-проектами\Lab2\lab2\target\test-classes;d:\Навчання\4 курс 1 семестр\Управління ІТ-проектами\Lab2\lab2\target\classes;C:\Users\User\.m2\repository\junit\junit\4.11\junit-4.11.jar;C:\Users\User\.m2\repository\org\hamcrest\hamcrest-core\1.3\hamcrest-core-1.3.jar;"/>
    <property name="sun.cpu.endian" value="little"/>
    <property name="user.home" value="C:\Users\User"/>
    <property name="user.language" value="en"/>
    <property name="java.specification.vendor" value="Oracle Corporation"/>
    <property name="java.version.date" value="2022-08-12"/>
    <property name="java.home" value="D:\jdk11"/>
    <property name="file.separator" value="\"/>
    <property name="basedir" value="d:\Навчання\4 курс 1 семестр\Управління ІТ-проектами\Lab2\lab2"/>
    <property name="java.vm.compressedOopsMode" value="32-bit"/>
    <property name="line.separator" value="&#10;"/>
    <property name="java.specification.name" value="Java Platform API Specification"/>
    <property name="java.vm.specification.vendor" value="Oracle Corporation"/>
    <property name="java.awt.graphicsenv" value="sun.awt.Win32GraphicsEnvironment"/>
    <property name="surefire.real.class.path" value="C:\Users\User\AppData\Local\Temp\surefire1900656439412608769\surefirebooter4795249210231136932.jar"/>
    <property name="user.script" value=""/>
    <property name="sun.management.compiler" value="HotSpot 64-Bit Tiered Compilers"/>
    <property name="java.runtime.version" value="11.0.16.1+1"/>
    <property name="user.name" value="User"/>
    <property name="path.separator" value=";"/>
    <property name="os.version" value="10.0"/>
    <property name="java.runtime.name" value="OpenJDK Runtime Environment"/>
    <property name="file.encoding" value="Cp1251"/>
    <property name="java.vm.name" value="OpenJDK 64-Bit Server VM"/>
    <property name="java.vendor.version" value="Temurin-11.0.16.1+1"/>
    <property name="localRepository" value="C:\Users\User\.m2\repository"/>
    <property name="java.vendor.url.bug" value="https://github.com/adoptium/adoptium-support/issues"/>
    <property name="java.io.tmpdir" value="C:\Users\User\AppData\Local\Temp\"/>
    <property name="java.version" value="11.0.16.1"/>
    <property name="user.dir" value="d:\Навчання\4 курс 1 семестр\Управління ІТ-проектами\Lab2\lab2"/>
    <property name="os.arch" value="amd64"/>
    <property name="java.vm.specification.name" value="Java Virtual Machine Specification"/>
    <property name="java.awt.printerjob" value="sun.awt.windows.WPrinterJob"/>
    <property name="sun.os.patch.level" value=""/>
    <property name="java.library.path" value="D:\jdk11\bin;C:\Windows\Sun\Java\bin;C:\Windows\system32;C:\Windows;D:\jdk11\bin;C:\Program Files\Eclipse Adoptium\jdk-17.0.2.8-hotspot\bin;C:\Program Files (x86)\Common Files\Intel\Shared Files\cpp\bin\Intel64;C:\Python39\Scripts\;C:\Python39\;C:\Windows\system32;C:\Windows;C:\Windows\System32\Wbem;C:\Windows\System32\WindowsPowerShell\v1.0\;C:\ProgramData\chocolatey\bin;C:\Program Files\dotnet\;C:\Program Files\nodejs\;C:\Program Files (x86)\Windows Kits\8.1\Windows Performance Toolkit\;%M2_HOME%\bin;C:\Users\User\AppData\Local\Microsoft\WindowsApps;D:\IntelliJ IDEA Community Edition 2019.3.3\bin;;C:\Users\User\.dotnet\tools;C:\Users\User\AppData\Local\Programs\Microsoft VS Code\bin;C:\Program Files\Azure Data Studio\bin;C:\Users\User\AppData\Roaming\npm;."/>
    <property name="java.vm.info" value="mixed mode"/>
    <property name="java.vendor" value="Eclipse Adoptium"/>
    <property name="java.vm.version" value="11.0.16.1+1"/>
    <property name="sun.io.unicode.encoding" value="UnicodeLittle"/>
    <property name="java.class.version" value="55.0"/>
  </properties>
  <testcase name="ninetyShouldReturnFive" classname="annahnatiuk.AppTest" time="0.004"/>
  <testcase name="sixtyNineShouldReturnThree" classname="annahnatiuk.AppTest" time="0"/>
  <testcase name="zeroShouldReturnZero" classname="annahnatiuk.AppTest" time="0.001"/>
  <testcase name="fiftyShouldReturnThree" classname="annahnatiuk.AppTest" time="0.001"/>
  <testcase name="negativeOneShouldReturnExeption" classname="annahnatiuk.AppTest" time="0.001"/>
  <testcase name="seventyShouldReturnFour" classname="annahnatiuk.AppTest" time="0"/>
  <testcase name="twentySixShouldReturnZero" classname="annahnatiuk.AppTest" time="0"/>
  <testcase name="fourtyNineShouldReturnTwo" classname="annahnatiuk.AppTest" time="0"/>
  <testcase name="eightySevenShouldReturnFour" classname="annahnatiuk.AppTest" time="0"/>
  <testcase name="twentySevenShouldReturnTwo" classname="annahnatiuk.AppTest" time="0.001"/>
  <testcase name="eightyEightShouldReturnFive" classname="annahnatiuk.AppTest" time="0.001"/>
</testsuite>